  Factory.cpp
c:\users\aiden\documents\projects\c++\modular-engine\engine\engine\dependencies\factory.cpp(5): warning C4018: '<': signed/unsigned mismatch
c:\program files (x86)\microsoft visual studio 14.0\vc\include\xtree(1685): warning C4503: '__LINE__Var': decorated name length exceeded, name was truncated
  c:\program files (x86)\microsoft visual studio 14.0\vc\include\xtree(1093): note: see reference to function template instantiation 'std::_Tree_iterator<std::_Tree_val<std::_Tree_simple_types<std::pair<const _Kty,_Ty>>>> std::_Tree<std::_Tmap_traits<_Kty,_Ty,_Pr,_Alloc,false>>::_Insert_hint<std::pair<const _Kty,_Ty>&,std::_Tree_node<std::pair<const _Kty,_Ty>,void *>*>(std::_Tree_const_iterator<std::_Tree_val<std::_Tree_simple_types<std::pair<const _Kty,_Ty>>>>,_Valty,_Nodety)' being compiled
          with
          [
              _Kty=std::string,
              _Ty=ECS::Factory::AddComponentHandler,
              _Pr=std::less<std::string>,
              _Alloc=std::allocator<std::pair<const std::string,ECS::Factory::AddComponentHandler>>,
              _Valty=std::pair<const std::string,ECS::Factory::AddComponentHandler> &,
              _Nodety=std::_Tree_node<std::pair<const std::string,ECS::Factory::AddComponentHandler>,void *> *
          ]
  c:\program files (x86)\microsoft visual studio 14.0\vc\include\xtree(1092): note: see reference to function template instantiation 'std::_Tree_iterator<std::_Tree_val<std::_Tree_simple_types<std::pair<const _Kty,_Ty>>>> std::_Tree<std::_Tmap_traits<_Kty,_Ty,_Pr,_Alloc,false>>::_Insert_hint<std::pair<const _Kty,_Ty>&,std::_Tree_node<std::pair<const _Kty,_Ty>,void *>*>(std::_Tree_const_iterator<std::_Tree_val<std::_Tree_simple_types<std::pair<const _Kty,_Ty>>>>,_Valty,_Nodety)' being compiled
          with
          [
              _Kty=std::string,
              _Ty=ECS::Factory::AddComponentHandler,
              _Pr=std::less<std::string>,
              _Alloc=std::allocator<std::pair<const std::string,ECS::Factory::AddComponentHandler>>,
              _Valty=std::pair<const std::string,ECS::Factory::AddComponentHandler> &,
              _Nodety=std::_Tree_node<std::pair<const std::string,ECS::Factory::AddComponentHandler>,void *> *
          ]
  c:\program files (x86)\microsoft visual studio 14.0\vc\include\map(214): note: see reference to function template instantiation 'std::_Tree_iterator<std::_Tree_val<std::_Tree_simple_types<std::pair<const _Kty,_Ty>>>> std::_Tree<std::_Tmap_traits<_Kty,_Ty,_Pr,_Alloc,false>>::emplace_hint<const std::piecewise_construct_t&,std::tuple<std::basic_string<char,std::char_traits<char>,std::allocator<char>> &&>,std::tuple<>>(std::_Tree_const_iterator<std::_Tree_val<std::_Tree_simple_types<std::pair<const _Kty,_Ty>>>>,const std::piecewise_construct_t &,std::tuple<std::basic_string<char,std::char_traits<char>,std::allocator<char>> &&> &&,std::tuple<> &&)' being compiled
          with
          [
              _Kty=std::string,
              _Ty=ECS::Factory::AddComponentHandler,
              _Pr=std::less<std::string>,
              _Alloc=std::allocator<std::pair<const std::string,ECS::Factory::AddComponentHandler>>
          ]
  c:\program files (x86)\microsoft visual studio 14.0\vc\include\map(214): note: see reference to function template instantiation 'std::_Tree_iterator<std::_Tree_val<std::_Tree_simple_types<std::pair<const _Kty,_Ty>>>> std::_Tree<std::_Tmap_traits<_Kty,_Ty,_Pr,_Alloc,false>>::emplace_hint<const std::piecewise_construct_t&,std::tuple<std::basic_string<char,std::char_traits<char>,std::allocator<char>> &&>,std::tuple<>>(std::_Tree_const_iterator<std::_Tree_val<std::_Tree_simple_types<std::pair<const _Kty,_Ty>>>>,const std::piecewise_construct_t &,std::tuple<std::basic_string<char,std::char_traits<char>,std::allocator<char>> &&> &&,std::tuple<> &&)' being compiled
          with
          [
              _Kty=std::string,
              _Ty=ECS::Factory::AddComponentHandler,
              _Pr=std::less<std::string>,
              _Alloc=std::allocator<std::pair<const std::string,ECS::Factory::AddComponentHandler>>
          ]
  c:\program files (x86)\microsoft visual studio 14.0\vc\include\map(246): note: see reference to function template instantiation 'std::pair<std::_Tree_iterator<std::_Tree_val<std::_Tree_simple_types<std::pair<const _Kty,_Ty>>>>,bool> std::map<_Kty,_Ty,std::less<_Kty>,std::allocator<std::pair<const _Kty,_Ty>>>::_Try_emplace<std::basic_string<char,std::char_traits<char>,std::allocator<char>>,>(_Keyty &&)' being compiled
          with
          [
              _Kty=std::string,
              _Ty=ECS::Factory::AddComponentHandler,
              _Keyty=std::basic_string<char,std::char_traits<char>,std::allocator<char>>
          ]
  c:\program files (x86)\microsoft visual studio 14.0\vc\include\map(245): note: see reference to function template instantiation 'std::pair<std::_Tree_iterator<std::_Tree_val<std::_Tree_simple_types<std::pair<const _Kty,_Ty>>>>,bool> std::map<_Kty,_Ty,std::less<_Kty>,std::allocator<std::pair<const _Kty,_Ty>>>::_Try_emplace<std::basic_string<char,std::char_traits<char>,std::allocator<char>>,>(_Keyty &&)' being compiled
          with
          [
              _Kty=std::string,
              _Ty=ECS::Factory::AddComponentHandler,
              _Keyty=std::basic_string<char,std::char_traits<char>,std::allocator<char>>
          ]
  c:\program files (x86)\microsoft visual studio 14.0\vc\include\map(178): note: see reference to function template instantiation 'std::pair<std::_Tree_iterator<std::_Tree_val<std::_Tree_simple_types<std::pair<const _Kty,_Ty>>>>,bool> std::map<_Kty,_Ty,std::less<_Kty>,std::allocator<std::pair<const _Kty,_Ty>>>::try_emplace<>(std::basic_string<char,std::char_traits<char>,std::allocator<char>> &&)' being compiled
          with
          [
              _Kty=std::string,
              _Ty=ECS::Factory::AddComponentHandler
          ]
  c:\program files (x86)\microsoft visual studio 14.0\vc\include\map(178): note: see reference to function template instantiation 'std::pair<std::_Tree_iterator<std::_Tree_val<std::_Tree_simple_types<std::pair<const _Kty,_Ty>>>>,bool> std::map<_Kty,_Ty,std::less<_Kty>,std::allocator<std::pair<const _Kty,_Ty>>>::try_emplace<>(std::basic_string<char,std::char_traits<char>,std::allocator<char>> &&)' being compiled
          with
          [
              _Kty=std::string,
              _Ty=ECS::Factory::AddComponentHandler
          ]
  c:\program files (x86)\microsoft visual studio 14.0\vc\include\map(177): note: while compiling class template member function 'std::function<bool (ECS::Entity &,const ECS::Factory::ComponentInfo &)> &std::map<std::string,ECS::Factory::AddComponentHandler,std::less<_Kty>,std::allocator<std::pair<const _Kty,_Ty>>>::operator [](std::basic_string<char,std::char_traits<char>,std::allocator<char>> &&)'
          with
          [
              _Kty=std::string,
              _Ty=ECS::Factory::AddComponentHandler
          ]
  c:\users\aiden\documents\projects\c++\modular-engine\engine\engine\dependencies\factory.cpp(10): note: see reference to function template instantiation 'std::function<bool (ECS::Entity &,const ECS::Factory::ComponentInfo &)> &std::map<std::string,ECS::Factory::AddComponentHandler,std::less<_Kty>,std::allocator<std::pair<const _Kty,_Ty>>>::operator [](std::basic_string<char,std::char_traits<char>,std::allocator<char>> &&)' being compiled
          with
          [
              _Kty=std::string,
              _Ty=ECS::Factory::AddComponentHandler
          ]
  c:\users\aiden\documents\projects\c++\modular-engine\engine\engine\dependencies\factory.h(47): note: see reference to class template instantiation 'std::map<std::string,ECS::Factory::AddComponentHandler,std::less<_Kty>,std::allocator<std::pair<const _Kty,_Ty>>>' being compiled
          with
          [
              _Kty=std::string,
              _Ty=ECS::Factory::AddComponentHandler
          ]
c:\program files (x86)\microsoft visual studio 14.0\vc\include\functional(376): warning C4503: '__LINE__Var': decorated name length exceeded, name was truncated
  c:\program files (x86)\microsoft visual studio 14.0\vc\include\functional(348): note: see reference to function template instantiation 'void std::_Func_class<_Ret,ECS::Entity &,const ECS::Factory::ComponentInfo &>::_Reset_impl<_Ty,_Alloc,_Myimpl,_Alimpl>(_Fx &&,const _Alloc &,_Myimpl *,_Alimpl &,std::false_type)' being compiled
          with
          [
              _Ret=bool,
              _Ty=std::_Binder<std::_Unforced,bool (__thiscall ECS::Factory::* )(ECS::Entity &,const ECS::Factory::ComponentInfo &),ECS::Factory *const ,const std::_Ph<1> &,const std::_Ph<2> &>,
              _Alloc=std::allocator<int>,
              _Fx=std::_Binder<std::_Unforced,bool (__thiscall ECS::Factory::* )(ECS::Entity &,const ECS::Factory::ComponentInfo &),ECS::Factory *const ,const std::_Ph<1> &,const std::_Ph<2> &>,
              _Myimpl=_Myimpl,
              _Alimpl=_Alimpl
          ]
  c:\program files (x86)\microsoft visual studio 14.0\vc\include\functional(347): note: see reference to function template instantiation 'void std::_Func_class<_Ret,ECS::Entity &,const ECS::Factory::ComponentInfo &>::_Reset_impl<_Ty,_Alloc,_Myimpl,_Alimpl>(_Fx &&,const _Alloc &,_Myimpl *,_Alimpl &,std::false_type)' being compiled
          with
          [
              _Ret=bool,
              _Ty=std::_Binder<std::_Unforced,bool (__thiscall ECS::Factory::* )(ECS::Entity &,const ECS::Factory::ComponentInfo &),ECS::Factory *const ,const std::_Ph<1> &,const std::_Ph<2> &>,
              _Alloc=std::allocator<int>,
              _Fx=std::_Binder<std::_Unforced,bool (__thiscall ECS::Factory::* )(ECS::Entity &,const ECS::Factory::ComponentInfo &),ECS::Factory *const ,const std::_Ph<1> &,const std::_Ph<2> &>,
              _Myimpl=_Myimpl,
              _Alimpl=_Alimpl
          ]
  c:\program files (x86)\microsoft visual studio 14.0\vc\include\functional(327): note: see reference to function template instantiation 'void std::_Func_class<_Ret,ECS::Entity &,const ECS::Factory::ComponentInfo &>::_Reset_alloc<_Ty,std::allocator<int>>(_Fx &&,const _Alloc &)' being compiled
          with
          [
              _Ret=bool,
              _Ty=std::_Binder<std::_Unforced,bool (__thiscall ECS::Factory::* )(ECS::Entity &,const ECS::Factory::ComponentInfo &),ECS::Factory *const ,const std::_Ph<1> &,const std::_Ph<2> &>,
              _Fx=std::_Binder<std::_Unforced,bool (__thiscall ECS::Factory::* )(ECS::Entity &,const ECS::Factory::ComponentInfo &),ECS::Factory *const ,const std::_Ph<1> &,const std::_Ph<2> &>,
              _Alloc=std::allocator<int>
          ]
  c:\program files (x86)\microsoft visual studio 14.0\vc\include\functional(327): note: see reference to function template instantiation 'void std::_Func_class<_Ret,ECS::Entity &,const ECS::Factory::ComponentInfo &>::_Reset_alloc<_Ty,std::allocator<int>>(_Fx &&,const _Alloc &)' being compiled
          with
          [
              _Ret=bool,
              _Ty=std::_Binder<std::_Unforced,bool (__thiscall ECS::Factory::* )(ECS::Entity &,const ECS::Factory::ComponentInfo &),ECS::Factory *const ,const std::_Ph<1> &,const std::_Ph<2> &>,
              _Fx=std::_Binder<std::_Unforced,bool (__thiscall ECS::Factory::* )(ECS::Entity &,const ECS::Factory::ComponentInfo &),ECS::Factory *const ,const std::_Ph<1> &,const std::_Ph<2> &>,
              _Alloc=std::allocator<int>
          ]
  c:\program files (x86)\microsoft visual studio 14.0\vc\include\functional(498): note: see reference to function template instantiation 'void std::_Func_class<_Ret,ECS::Entity &,const ECS::Factory::ComponentInfo &>::_Reset<std::_Binder<std::_Unforced,bool (__thiscall ECS::Factory::* )(ECS::Entity &,const ECS::Factory::ComponentInfo &),ECS::Factory *const ,const std::_Ph<1> &,const std::_Ph<2> &>>(_Fx &&)' being compiled
          with
          [
              _Ret=bool,
              _Fx=std::_Binder<std::_Unforced,bool (__thiscall ECS::Factory::* )(ECS::Entity &,const ECS::Factory::ComponentInfo &),ECS::Factory *const ,const std::_Ph<1> &,const std::_Ph<2> &>
          ]
  c:\program files (x86)\microsoft visual studio 14.0\vc\include\functional(498): note: see reference to function template instantiation 'void std::_Func_class<_Ret,ECS::Entity &,const ECS::Factory::ComponentInfo &>::_Reset<std::_Binder<std::_Unforced,bool (__thiscall ECS::Factory::* )(ECS::Entity &,const ECS::Factory::ComponentInfo &),ECS::Factory *const ,const std::_Ph<1> &,const std::_Ph<2> &>>(_Fx &&)' being compiled
          with
          [
              _Ret=bool,
              _Fx=std::_Binder<std::_Unforced,bool (__thiscall ECS::Factory::* )(ECS::Entity &,const ECS::Factory::ComponentInfo &),ECS::Factory *const ,const std::_Ph<1> &,const std::_Ph<2> &>
          ]
  c:\program files (x86)\microsoft visual studio 14.0\vc\include\functional(562): note: see reference to function template instantiation 'std::function<bool (ECS::Entity &,const ECS::Factory::ComponentInfo &)>::function<std::_Binder<std::_Unforced,bool (__thiscall ECS::Factory::* )(ECS::Entity &,const ECS::Factory::ComponentInfo &),ECS::Factory *const ,const std::_Ph<1> &,const std::_Ph<2> &>,bool,void>(_Fx)' being compiled
          with
          [
              _Fx=std::_Binder<std::_Unforced,bool (__thiscall ECS::Factory::* )(ECS::Entity &,const ECS::Factory::ComponentInfo &),ECS::Factory *const ,const std::_Ph<1> &,const std::_Ph<2> &>
          ]
  c:\program files (x86)\microsoft visual studio 14.0\vc\include\functional(562): note: see reference to function template instantiation 'std::function<bool (ECS::Entity &,const ECS::Factory::ComponentInfo &)>::function<std::_Binder<std::_Unforced,bool (__thiscall ECS::Factory::* )(ECS::Entity &,const ECS::Factory::ComponentInfo &),ECS::Factory *const ,const std::_Ph<1> &,const std::_Ph<2> &>,bool,void>(_Fx)' being compiled
          with
          [
              _Fx=std::_Binder<std::_Unforced,bool (__thiscall ECS::Factory::* )(ECS::Entity &,const ECS::Factory::ComponentInfo &),ECS::Factory *const ,const std::_Ph<1> &,const std::_Ph<2> &>
          ]
  c:\users\aiden\documents\projects\c++\modular-engine\engine\engine\dependencies\factory.cpp(10): note: see reference to function template instantiation 'std::function<bool (ECS::Entity &,const ECS::Factory::ComponentInfo &)> &std::function<bool (ECS::Entity &,const ECS::Factory::ComponentInfo &)>::operator =<std::_Binder<std::_Unforced,bool (__thiscall ECS::Factory::* )(ECS::Entity &,const ECS::Factory::ComponentInfo &),ECS::Factory *const ,const std::_Ph<1> &,const std::_Ph<2> &>,bool,void>(_Fx &&)' being compiled
          with
          [
              _Fx=std::_Binder<std::_Unforced,bool (__thiscall ECS::Factory::* )(ECS::Entity &,const ECS::Factory::ComponentInfo &),ECS::Factory *const ,const std::_Ph<1> &,const std::_Ph<2> &>
          ]
  c:\users\aiden\documents\projects\c++\modular-engine\engine\engine\dependencies\factory.cpp(10): note: see reference to function template instantiation 'std::function<bool (ECS::Entity &,const ECS::Factory::ComponentInfo &)> &std::function<bool (ECS::Entity &,const ECS::Factory::ComponentInfo &)>::operator =<std::_Binder<std::_Unforced,bool (__thiscall ECS::Factory::* )(ECS::Entity &,const ECS::Factory::ComponentInfo &),ECS::Factory *const ,const std::_Ph<1> &,const std::_Ph<2> &>,bool,void>(_Fx &&)' being compiled
          with
          [
              _Fx=std::_Binder<std::_Unforced,bool (__thiscall ECS::Factory::* )(ECS::Entity &,const ECS::Factory::ComponentInfo &),ECS::Factory *const ,const std::_Ph<1> &,const std::_Ph<2> &>
          ]
c:\program files (x86)\microsoft visual studio 14.0\vc\include\xtree(1857): warning C4503: '__LINE__Var': decorated name length exceeded, name was truncated
  c:\program files (x86)\microsoft visual studio 14.0\vc\include\xtree(1698): note: see reference to function template instantiation 'std::_Tree_iterator<std::_Tree_val<std::_Tree_simple_types<std::pair<const _Kty,_Ty>>>> std::_Tree<std::_Tmap_traits<_Kty,_Ty,_Pr,_Alloc,false>>::_Insert_at<std::pair<const _Kty,_Ty>&,_Nodety>(bool,std::_Tree_node<std::pair<const _Kty,_Ty>,void *> *,_Valty,_Nodety)' being compiled
          with
          [
              _Kty=std::string,
              _Ty=ECS::Factory::AddComponentHandler,
              _Pr=std::less<std::string>,
              _Alloc=std::allocator<std::pair<const std::string,ECS::Factory::AddComponentHandler>>,
              _Nodety=std::_Tree_node<std::pair<const std::string,ECS::Factory::AddComponentHandler>,void *> *,
              _Valty=std::pair<const std::string,ECS::Factory::AddComponentHandler> &
          ]
  c:\program files (x86)\microsoft visual studio 14.0\vc\include\xtree(1697): note: see reference to function template instantiation 'std::_Tree_iterator<std::_Tree_val<std::_Tree_simple_types<std::pair<const _Kty,_Ty>>>> std::_Tree<std::_Tmap_traits<_Kty,_Ty,_Pr,_Alloc,false>>::_Insert_at<std::pair<const _Kty,_Ty>&,_Nodety>(bool,std::_Tree_node<std::pair<const _Kty,_Ty>,void *> *,_Valty,_Nodety)' being compiled
          with
          [
              _Kty=std::string,
              _Ty=ECS::Factory::AddComponentHandler,
              _Pr=std::less<std::string>,
              _Alloc=std::allocator<std::pair<const std::string,ECS::Factory::AddComponentHandler>>,
              _Nodety=std::_Tree_node<std::pair<const std::string,ECS::Factory::AddComponentHandler>,void *> *,
              _Valty=std::pair<const std::string,ECS::Factory::AddComponentHandler> &
          ]
  c:\program files (x86)\microsoft visual studio 14.0\vc\include\xtree(1093): note: see reference to function template instantiation 'std::_Tree_iterator<std::_Tree_val<std::_Tree_simple_types<std::pair<const _Kty,_Ty>>>> std::_Tree<std::_Tmap_traits<_Kty,_Ty,_Pr,_Alloc,false>>::_Insert_hint<std::pair<const _Kty,_Ty>&,std::_Tree_node<std::pair<const _Kty,_Ty>,void *>*>(std::_Tree_const_iterator<std::_Tree_val<std::_Tree_simple_types<std::pair<const _Kty,_Ty>>>>,_Valty,_Nodety)' being compiled
          with
          [
              _Kty=std::string,
              _Ty=ECS::Factory::AddComponentHandler,
              _Pr=std::less<std::string>,
              _Alloc=std::allocator<std::pair<const std::string,ECS::Factory::AddComponentHandler>>,
              _Valty=std::pair<const std::string,ECS::Factory::AddComponentHandler> &,
              _Nodety=std::_Tree_node<std::pair<const std::string,ECS::Factory::AddComponentHandler>,void *> *
          ]
  c:\program files (x86)\microsoft visual studio 14.0\vc\include\xtree(1092): note: see reference to function template instantiation 'std::_Tree_iterator<std::_Tree_val<std::_Tree_simple_types<std::pair<const _Kty,_Ty>>>> std::_Tree<std::_Tmap_traits<_Kty,_Ty,_Pr,_Alloc,false>>::_Insert_hint<std::pair<const _Kty,_Ty>&,std::_Tree_node<std::pair<const _Kty,_Ty>,void *>*>(std::_Tree_const_iterator<std::_Tree_val<std::_Tree_simple_types<std::pair<const _Kty,_Ty>>>>,_Valty,_Nodety)' being compiled
          with
          [
              _Kty=std::string,
              _Ty=ECS::Factory::AddComponentHandler,
              _Pr=std::less<std::string>,
              _Alloc=std::allocator<std::pair<const std::string,ECS::Factory::AddComponentHandler>>,
              _Valty=std::pair<const std::string,ECS::Factory::AddComponentHandler> &,
              _Nodety=std::_Tree_node<std::pair<const std::string,ECS::Factory::AddComponentHandler>,void *> *
          ]
c:\program files (x86)\microsoft visual studio 14.0\vc\include\xtree(1801): warning C4503: '__LINE__Var': decorated name length exceeded, name was truncated
  c:\program files (x86)\microsoft visual studio 14.0\vc\include\xtree(1794): note: see reference to function template instantiation 'std::pair<std::_Tree_iterator<std::_Tree_val<std::_Tree_simple_types<std::pair<const _Kty,_Ty>>>>,bool> std::_Tree<std::_Tmap_traits<_Kty,_Ty,_Pr,_Alloc,false>>::_Insert_nohint<std::pair<const _Kty,_Ty>&,_Nodety>(bool,_Valty,_Nodety)' being compiled
          with
          [
              _Kty=std::string,
              _Ty=ECS::Factory::AddComponentHandler,
              _Pr=std::less<std::string>,
              _Alloc=std::allocator<std::pair<const std::string,ECS::Factory::AddComponentHandler>>,
              _Nodety=std::_Tree_node<std::pair<const std::string,ECS::Factory::AddComponentHandler>,void *> *,
              _Valty=std::pair<const std::string,ECS::Factory::AddComponentHandler> &
          ]
  c:\program files (x86)\microsoft visual studio 14.0\vc\include\xtree(1793): note: see reference to function template instantiation 'std::pair<std::_Tree_iterator<std::_Tree_val<std::_Tree_simple_types<std::pair<const _Kty,_Ty>>>>,bool> std::_Tree<std::_Tmap_traits<_Kty,_Ty,_Pr,_Alloc,false>>::_Insert_nohint<std::pair<const _Kty,_Ty>&,_Nodety>(bool,_Valty,_Nodety)' being compiled
          with
          [
              _Kty=std::string,
              _Ty=ECS::Factory::AddComponentHandler,
              _Pr=std::less<std::string>,
              _Alloc=std::allocator<std::pair<const std::string,ECS::Factory::AddComponentHandler>>,
              _Nodety=std::_Tree_node<std::pair<const std::string,ECS::Factory::AddComponentHandler>,void *> *,
              _Valty=std::pair<const std::string,ECS::Factory::AddComponentHandler> &
          ]
c:\program files (x86)\microsoft visual studio 14.0\vc\include\xmemory0(892): warning C4503: '__LINE__Var': decorated name length exceeded, name was truncated
  c:\program files (x86)\microsoft visual studio 14.0\vc\include\functional(206): note: see reference to function template instantiation 'void std::_Wrap_alloc<std::allocator<_Other>>::construct<std::_Func_impl<_Decayed,_Alloc,_Ret,ECS::Entity &,const ECS::Factory::ComponentInfo &>,std::_Binder<std::_Unforced,bool (__thiscall ECS::Factory::* )(ECS::Entity &,const ECS::Factory::ComponentInfo &),ECS::Factory *const ,const std::_Ph<1> &,const std::_Ph<2> &>,std::allocator<int>>(_Ty *,std::_Binder<std::_Unforced,bool (__thiscall ECS::Factory::* )(ECS::Entity &,const ECS::Factory::ComponentInfo &),ECS::Factory *const ,const std::_Ph<1> &,const std::_Ph<2> &> &&,std::allocator<int> &&)' being compiled
          with
          [
              _Other=_Myimpl,
              _Alloc=std::allocator<int>,
              _Ret=bool,
              _Ty=std::_Func_impl<_Decayed,std::allocator<int>,bool,ECS::Entity &,const ECS::Factory::ComponentInfo &>
          ]
  c:\program files (x86)\microsoft visual studio 14.0\vc\include\functional(206): note: see reference to function template instantiation 'void std::_Wrap_alloc<std::allocator<_Other>>::construct<std::_Func_impl<_Decayed,_Alloc,_Ret,ECS::Entity &,const ECS::Factory::ComponentInfo &>,std::_Binder<std::_Unforced,bool (__thiscall ECS::Factory::* )(ECS::Entity &,const ECS::Factory::ComponentInfo &),ECS::Factory *const ,const std::_Ph<1> &,const std::_Ph<2> &>,std::allocator<int>>(_Ty *,std::_Binder<std::_Unforced,bool (__thiscall ECS::Factory::* )(ECS::Entity &,const ECS::Factory::ComponentInfo &),ECS::Factory *const ,const std::_Ph<1> &,const std::_Ph<2> &> &&,std::allocator<int> &&)' being compiled
          with
          [
              _Other=_Myimpl,
              _Alloc=std::allocator<int>,
              _Ret=bool,
              _Ty=std::_Func_impl<_Decayed,std::allocator<int>,bool,ECS::Entity &,const ECS::Factory::ComponentInfo &>
          ]
  c:\program files (x86)\microsoft visual studio 14.0\vc\include\functional(203): note: while compiling class template member function 'std::_Func_base<_Ret,ECS::Entity &,const ECS::Factory::ComponentInfo &> *std::_Func_impl<_Decayed,_Alloc,_Ret,ECS::Entity &,const ECS::Factory::ComponentInfo &>::_Move(void *)'
          with
          [
              _Ret=bool,
              _Alloc=std::allocator<int>
          ]
  c:\program files (x86)\microsoft visual studio 14.0\vc\include\functional(137): note: see reference to class template instantiation 'std::_Func_impl<_Decayed,_Alloc,_Ret,ECS::Entity &,const ECS::Factory::ComponentInfo &>' being compiled
          with
          [
              _Alloc=std::allocator<int>,
              _Ret=bool
          ]
  c:\program files (x86)\microsoft visual studio 14.0\vc\include\functional(348): note: see reference to class template instantiation 'std::_Is_large<_Myimpl>' being compiled
c:\program files (x86)\microsoft visual studio 14.0\vc\include\xmemory0(761): warning C4503: '__LINE__Var': decorated name length exceeded, name was truncated
  c:\program files (x86)\microsoft visual studio 14.0\vc\include\xmemory0(901): note: see reference to function template instantiation 'void std::allocator_traits<_Alloc>::destroy<_Ty>(std::allocator<_Ty> &,_Uty *)' being compiled
          with
          [
              _Alloc=std::allocator<_Myimpl>,
              _Ty=std::_Func_impl<_Decayed,std::allocator<int>,bool,ECS::Entity &,const ECS::Factory::ComponentInfo &>,
              _Uty=std::_Func_impl<_Decayed,std::allocator<int>,bool,ECS::Entity &,const ECS::Factory::ComponentInfo &>
          ]
  c:\program files (x86)\microsoft visual studio 14.0\vc\include\xmemory0(901): note: see reference to function template instantiation 'void std::allocator_traits<_Alloc>::destroy<_Ty>(std::allocator<_Ty> &,_Uty *)' being compiled
          with
          [
              _Alloc=std::allocator<_Myimpl>,
              _Ty=std::_Func_impl<_Decayed,std::allocator<int>,bool,ECS::Entity &,const ECS::Factory::ComponentInfo &>,
              _Uty=std::_Func_impl<_Decayed,std::allocator<int>,bool,ECS::Entity &,const ECS::Factory::ComponentInfo &>
          ]
  c:\program files (x86)\microsoft visual studio 14.0\vc\include\functional(229): note: see reference to function template instantiation 'void std::_Wrap_alloc<std::allocator<_Other>>::destroy<std::_Func_impl<_Decayed,_Alloc,_Ret,ECS::Entity &,const ECS::Factory::ComponentInfo &>>(_Ty *)' being compiled
          with
          [
              _Other=_Myimpl,
              _Alloc=std::allocator<int>,
              _Ret=bool,
              _Ty=std::_Func_impl<_Decayed,std::allocator<int>,bool,ECS::Entity &,const ECS::Factory::ComponentInfo &>
          ]
  c:\program files (x86)\microsoft visual studio 14.0\vc\include\functional(229): note: see reference to function template instantiation 'void std::_Wrap_alloc<std::allocator<_Other>>::destroy<std::_Func_impl<_Decayed,_Alloc,_Ret,ECS::Entity &,const ECS::Factory::ComponentInfo &>>(_Ty *)' being compiled
          with
          [
              _Other=_Myimpl,
              _Alloc=std::allocator<int>,
              _Ret=bool,
              _Ty=std::_Func_impl<_Decayed,std::allocator<int>,bool,ECS::Entity &,const ECS::Factory::ComponentInfo &>
          ]
  c:\program files (x86)\microsoft visual studio 14.0\vc\include\functional(227): note: while compiling class template member function 'void std::_Func_impl<_Decayed,_Alloc,_Ret,ECS::Entity &,const ECS::Factory::ComponentInfo &>::_Delete_this(bool) noexcept'
          with
          [
              _Alloc=std::allocator<int>,
              _Ret=bool
          ]
c:\program files (x86)\microsoft visual studio 14.0\vc\include\xmemory0(754): warning C4503: '__LINE__Var': decorated name length exceeded, name was truncated
  c:\program files (x86)\microsoft visual studio 14.0\vc\include\xmemory0(894): note: see reference to function template instantiation 'void std::allocator_traits<_Alloc>::construct<_Ty,std::_Binder<std::_Unforced,bool (__thiscall ECS::Factory::* )(ECS::Entity &,const ECS::Factory::ComponentInfo &),ECS::Factory *const ,const std::_Ph<1> &,const std::_Ph<2> &>,std::allocator<int>>(std::allocator<_Ty> &,_Objty *,std::_Binder<std::_Unforced,bool (__thiscall ECS::Factory::* )(ECS::Entity &,const ECS::Factory::ComponentInfo &),ECS::Factory *const ,const std::_Ph<1> &,const std::_Ph<2> &> &&,std::allocator<int> &&)' being compiled
          with
          [
              _Alloc=std::allocator<_Myimpl>,
              _Ty=std::_Func_impl<_Decayed,std::allocator<int>,bool,ECS::Entity &,const ECS::Factory::ComponentInfo &>,
              _Objty=std::_Func_impl<_Decayed,std::allocator<int>,bool,ECS::Entity &,const ECS::Factory::ComponentInfo &>
          ]
  c:\program files (x86)\microsoft visual studio 14.0\vc\include\xmemory0(893): note: see reference to function template instantiation 'void std::allocator_traits<_Alloc>::construct<_Ty,std::_Binder<std::_Unforced,bool (__thiscall ECS::Factory::* )(ECS::Entity &,const ECS::Factory::ComponentInfo &),ECS::Factory *const ,const std::_Ph<1> &,const std::_Ph<2> &>,std::allocator<int>>(std::allocator<_Ty> &,_Objty *,std::_Binder<std::_Unforced,bool (__thiscall ECS::Factory::* )(ECS::Entity &,const ECS::Factory::ComponentInfo &),ECS::Factory *const ,const std::_Ph<1> &,const std::_Ph<2> &> &&,std::allocator<int> &&)' being compiled
          with
          [
              _Alloc=std::allocator<_Myimpl>,
              _Ty=std::_Func_impl<_Decayed,std::allocator<int>,bool,ECS::Entity &,const ECS::Factory::ComponentInfo &>,
              _Objty=std::_Func_impl<_Decayed,std::allocator<int>,bool,ECS::Entity &,const ECS::Factory::ComponentInfo &>
          ]
  c:\program files (x86)\microsoft visual studio 14.0\vc\include\functional(206): note: see reference to function template instantiation 'void std::_Wrap_alloc<std::allocator<_Other>>::construct<std::_Func_impl<_Decayed,_Alloc,_Ret,ECS::Entity &,const ECS::Factory::ComponentInfo &>,std::_Binder<std::_Unforced,bool (__thiscall ECS::Factory::* )(ECS::Entity &,const ECS::Factory::ComponentInfo &),ECS::Factory *const ,const std::_Ph<1> &,const std::_Ph<2> &>,std::allocator<int>>(_Ty *,std::_Binder<std::_Unforced,bool (__thiscall ECS::Factory::* )(ECS::Entity &,const ECS::Factory::ComponentInfo &),ECS::Factory *const ,const std::_Ph<1> &,const std::_Ph<2> &> &&,std::allocator<int> &&)' being compiled
          with
          [
              _Other=_Myimpl,
              _Alloc=std::allocator<int>,
              _Ret=bool,
              _Ty=std::_Func_impl<_Decayed,std::allocator<int>,bool,ECS::Entity &,const ECS::Factory::ComponentInfo &>
          ]
  c:\program files (x86)\microsoft visual studio 14.0\vc\include\functional(206): note: see reference to function template instantiation 'void std::_Wrap_alloc<std::allocator<_Other>>::construct<std::_Func_impl<_Decayed,_Alloc,_Ret,ECS::Entity &,const ECS::Factory::ComponentInfo &>,std::_Binder<std::_Unforced,bool (__thiscall ECS::Factory::* )(ECS::Entity &,const ECS::Factory::ComponentInfo &),ECS::Factory *const ,const std::_Ph<1> &,const std::_Ph<2> &>,std::allocator<int>>(_Ty *,std::_Binder<std::_Unforced,bool (__thiscall ECS::Factory::* )(ECS::Entity &,const ECS::Factory::ComponentInfo &),ECS::Factory *const ,const std::_Ph<1> &,const std::_Ph<2> &> &&,std::allocator<int> &&)' being compiled
          with
          [
              _Other=_Myimpl,
              _Alloc=std::allocator<int>,
              _Ret=bool,
              _Ty=std::_Func_impl<_Decayed,std::allocator<int>,bool,ECS::Entity &,const ECS::Factory::ComponentInfo &>
          ]
c:\program files (x86)\microsoft visual studio 14.0\vc\include\xmemory0(636): warning C4503: '__LINE__Var': decorated name length exceeded, name was truncated
  c:\program files (x86)\microsoft visual studio 14.0\vc\include\xmemory0(755): note: see reference to function template instantiation 'void std::allocator<_Other>::construct<_Objty,_Ty,std::allocator<int>>(_Objty *,_Ty &&,std::allocator<int> &&)' being compiled
          with
          [
              _Other=_Myimpl,
              _Objty=std::_Func_impl<_Decayed,std::allocator<int>,bool,ECS::Entity &,const ECS::Factory::ComponentInfo &>,
              _Ty=std::_Binder<std::_Unforced,bool (__thiscall ECS::Factory::* )(ECS::Entity &,const ECS::Factory::ComponentInfo &),ECS::Factory *const ,const std::_Ph<1> &,const std::_Ph<2> &>
          ]
  c:\program files (x86)\microsoft visual studio 14.0\vc\include\xmemory0(755): note: see reference to function template instantiation 'void std::allocator<_Other>::construct<_Objty,_Ty,std::allocator<int>>(_Objty *,_Ty &&,std::allocator<int> &&)' being compiled
          with
          [
              _Other=_Myimpl,
              _Objty=std::_Func_impl<_Decayed,std::allocator<int>,bool,ECS::Entity &,const ECS::Factory::ComponentInfo &>,
              _Ty=std::_Binder<std::_Unforced,bool (__thiscall ECS::Factory::* )(ECS::Entity &,const ECS::Factory::ComponentInfo &),ECS::Factory *const ,const std::_Ph<1> &,const std::_Ph<2> &>
          ]
  c:\program files (x86)\microsoft visual studio 14.0\vc\include\xmemory0(894): note: see reference to function template instantiation 'void std::allocator_traits<_Alloc>::construct<_Ty,std::_Binder<std::_Unforced,bool (__thiscall ECS::Factory::* )(ECS::Entity &,const ECS::Factory::ComponentInfo &),ECS::Factory *const ,const std::_Ph<1> &,const std::_Ph<2> &>,std::allocator<int>>(std::allocator<_Ty> &,_Objty *,std::_Binder<std::_Unforced,bool (__thiscall ECS::Factory::* )(ECS::Entity &,const ECS::Factory::ComponentInfo &),ECS::Factory *const ,const std::_Ph<1> &,const std::_Ph<2> &> &&,std::allocator<int> &&)' being compiled
          with
          [
              _Alloc=std::allocator<_Myimpl>,
              _Ty=std::_Func_impl<_Decayed,std::allocator<int>,bool,ECS::Entity &,const ECS::Factory::ComponentInfo &>,
              _Objty=std::_Func_impl<_Decayed,std::allocator<int>,bool,ECS::Entity &,const ECS::Factory::ComponentInfo &>
          ]
  c:\program files (x86)\microsoft visual studio 14.0\vc\include\xmemory0(893): note: see reference to function template instantiation 'void std::allocator_traits<_Alloc>::construct<_Ty,std::_Binder<std::_Unforced,bool (__thiscall ECS::Factory::* )(ECS::Entity &,const ECS::Factory::ComponentInfo &),ECS::Factory *const ,const std::_Ph<1> &,const std::_Ph<2> &>,std::allocator<int>>(std::allocator<_Ty> &,_Objty *,std::_Binder<std::_Unforced,bool (__thiscall ECS::Factory::* )(ECS::Entity &,const ECS::Factory::ComponentInfo &),ECS::Factory *const ,const std::_Ph<1> &,const std::_Ph<2> &> &&,std::allocator<int> &&)' being compiled
          with
          [
              _Alloc=std::allocator<_Myimpl>,
              _Ty=std::_Func_impl<_Decayed,std::allocator<int>,bool,ECS::Entity &,const ECS::Factory::ComponentInfo &>,
              _Objty=std::_Func_impl<_Decayed,std::allocator<int>,bool,ECS::Entity &,const ECS::Factory::ComponentInfo &>
          ]
c:\users\aiden\documents\projects\c++\modular-engine\engine\engine\dependencies\factory.cpp(123): warning C4503: 'std::_Tree<std::_Tmap_traits<_Kty,_Ty,_Pr,_Alloc,false>>::_Insert_hint': decorated name length exceeded, name was truncated
          with
          [
              _Kty=std::string,
              _Ty=ECS::Factory::AddComponentHandler,
              _Pr=std::less<std::string>,
              _Alloc=std::allocator<std::pair<const std::string,ECS::Factory::AddComponentHandler>>
          ]
c:\users\aiden\documents\projects\c++\modular-engine\engine\engine\dependencies\factory.cpp(123): warning C4503: 'std::_Func_class<_Ret,ECS::Entity &,const ECS::Factory::ComponentInfo &>::_Reset_impl': decorated name length exceeded, name was truncated
          with
          [
              _Ret=bool
          ]
c:\users\aiden\documents\projects\c++\modular-engine\engine\engine\dependencies\factory.cpp(123): warning C4503: 'std::_Tree<std::_Tmap_traits<_Kty,_Ty,_Pr,_Alloc,false>>::_Insert_at': decorated name length exceeded, name was truncated
          with
          [
              _Kty=std::string,
              _Ty=ECS::Factory::AddComponentHandler,
              _Pr=std::less<std::string>,
              _Alloc=std::allocator<std::pair<const std::string,ECS::Factory::AddComponentHandler>>
          ]
c:\users\aiden\documents\projects\c++\modular-engine\engine\engine\dependencies\factory.cpp(123): warning C4503: 'std::_Tree<std::_Tmap_traits<_Kty,_Ty,_Pr,_Alloc,false>>::_Insert_nohint': decorated name length exceeded, name was truncated
          with
          [
              _Kty=std::string,
              _Ty=ECS::Factory::AddComponentHandler,
              _Pr=std::less<std::string>,
              _Alloc=std::allocator<std::pair<const std::string,ECS::Factory::AddComponentHandler>>
          ]
c:\users\aiden\documents\projects\c++\modular-engine\engine\engine\dependencies\factory.cpp(123): warning C4503: 'std::_Wrap_alloc<std::allocator<_Other>>::construct': decorated name length exceeded, name was truncated
          with
          [
              _Other=_Myimpl
          ]
c:\users\aiden\documents\projects\c++\modular-engine\engine\engine\dependencies\factory.cpp(123): warning C4503: 'std::allocator_traits<_Alloc>::destroy': decorated name length exceeded, name was truncated
          with
          [
              _Alloc=std::allocator<_Myimpl>
          ]
c:\users\aiden\documents\projects\c++\modular-engine\engine\engine\dependencies\factory.cpp(123): warning C4503: 'std::allocator_traits<_Alloc>::construct': decorated name length exceeded, name was truncated
          with
          [
              _Alloc=std::allocator<_Myimpl>
          ]
c:\users\aiden\documents\projects\c++\modular-engine\engine\engine\dependencies\factory.cpp(123): warning C4503: 'std::allocator<_Other>::construct': decorated name length exceeded, name was truncated
          with
          [
              _Other=_Myimpl
          ]
  Generating Code...
  Compiling...
  Engine.cpp
  Generating Code...
  Skipping... (no relevant changes detected)
  main.cpp
  Engine.vcxproj -> C:\Users\Aiden\Documents\Projects\C++\Modular-Engine\Engine\Debug\Engine.exe
